TN:
SF:src\repositories\healthcheck.repository.ts
FN:6,(anonymous_1)
FNF:1
FNH:0
FNDA:0,(anonymous_1)
DA:1,3
DA:2,3
DA:5,3
DA:6,3
DA:7,0
DA:9,0
LF:6
LH:4
BRF:0
BRH:0
end_of_record
TN:
SF:src\repositories\order\sqlite-order.repository.ts
FN:6,(anonymous_0)
FN:10,(anonymous_1)
FN:16,(anonymous_2)
FN:20,(anonymous_3)
FNF:4
FNH:3
FNDA:5,(anonymous_0)
FNDA:9,(anonymous_1)
FNDA:0,(anonymous_2)
FNDA:2,(anonymous_3)
DA:2,3
DA:5,3
DA:7,5
DA:11,9
DA:17,0
DA:21,2
DA:23,2
DA:27,2
LF:8
LH:7
BRF:0
BRH:0
end_of_record
TN:
SF:src\use-cases\create-order.use-case.ts
FN:5,(anonymous_0)
FN:7,(anonymous_1)
FN:15,(anonymous_2)
FNF:3
FNH:3
FNDA:1,(anonymous_0)
FNDA:3,(anonymous_1)
FNDA:4,(anonymous_2)
DA:4,1
DA:5,1
DA:7,1
DA:8,3
DA:10,2
DA:12,2
DA:15,1
DA:16,4
DA:18,2
LF:9
LH:9
BRDA:18,0,0,0
BRF:1
BRH:0
end_of_record
TN:
SF:src\use-cases\update-order-status.use-case.ts
FN:5,(anonymous_0)
FN:7,(anonymous_1)
FN:19,(anonymous_2)
FNF:3
FNH:3
FNDA:1,(anonymous_0)
FNDA:2,(anonymous_1)
FNDA:3,(anonymous_2)
DA:4,1
DA:5,1
DA:7,1
DA:8,2
DA:10,2
DA:12,2
DA:14,2
DA:16,1
DA:19,1
DA:20,3
DA:26,3
LF:11
LH:11
BRDA:10,0,0,0
BRDA:26,1,0,2
BRF:2
BRH:1
end_of_record
